<?xml version="1.0" encoding="UTF-8"?>
<!-- Generated by org.testng.reporters.JUnitXMLReporter -->
<testsuite ignored="0" hostname="DESKTOP-5AST0QG" failures="1" tests="1" name="Test" time="15.86" errors="0" timestamp="02 Sep 2022 13:01:44 GMT">
  <testcase classname="Tests.eCommerce_tc_4_Hybrid" name="FillForm" time="2.015">
    <failure type="java.lang.NullPointerException" message="Cannot invoke &amp;quot;org.openqa.selenium.SearchContext.findElement(org.openqa.selenium.By)&amp;quot; because &amp;quot;this.searchContext&amp;quot; is null">
      <![CDATA[java.lang.NullPointerException: Cannot invoke "org.openqa.selenium.SearchContext.findElement(org.openqa.selenium.By)" because "this.searchContext" is null
at org.openqa.selenium.support.pagefactory.DefaultElementLocator.findElement(DefaultElementLocator.java:70)
at org.openqa.selenium.support.pagefactory.internal.LocatingElementHandler.invoke(LocatingElementHandler.java:39)
at jdk.proxy2/jdk.proxy2.$Proxy11.click(Unknown Source)
at PageObject.android.FormPage.setGender(FormPage.java:60)
at Tests.eCommerce_tc_4_Hybrid.FillForm(eCommerce_tc_4_Hybrid.java:37)
... Removed 25 stack frames]]>
    </failure>
  </testcase> <!-- FillForm -->
</testsuite> <!-- Test -->
