<?xml version="1.0" encoding="UTF-8"?>
<!-- Generated by org.testng.reporters.JUnitXMLReporter -->
<testsuite ignored="0" hostname="DESKTOP-5AST0QG" failures="0" tests="1" name="Test3" time="6.295" errors="0" timestamp="02 Sep 2022 11:18:44 GMT">
  <testcase classname="Tests.eCommerce_tc_4_Hybrid2" name="@BeforeMethod preSetup" time="0.403">
    <failure type="org.openqa.selenium.WebDriverException" message="An unknown server-side error occurred while processing the command. Original error: Cannot start the &amp;apos;com.androidsample.generalstore&amp;apos; application. Visit https://github.com/appium/appium/blob/master/docs/en/writing-running-appium/android/activity-startup.md for troubleshooting. Original error: Error executing adbExec. Original error: &amp;apos;Command &amp;apos;C:\\Users\\Dell\\AppData\\Local\\Android\\Sdk\\platform-tools\\adb.exe -P 5037 -s emulator-5554 shell am start -W -n com.androidsample.generalstore/com.androidsample.generalstore.MainActivity -S&amp;apos; exited with code 255&amp;apos;; Command output: 
Exception occurred while executing &amp;apos;start&amp;apos;:
java.lang.SecurityException: Permission Denial: starting Intent { flg=0x10000000 cmp=com.androidsample.generalstore/.MainActivity } from null (pid=11393, uid=2000) not exported from uid 10126
	at com.android.server.wm.ActivityStackSupervisor.checkStartAnyActivityPermission(ActivityStackSupervisor.java:1032)
	at com.android.server.wm.ActivityStarter.executeRequest(ActivityStarter.java:999)
	at com.android.server.wm.ActivityStarter.execute(ActivityStarter.java:669)
	at com.android.server.wm.ActivityTaskManagerService.startActivityAndWait(ActivityTaskManagerService.java:1338)
	at com.android.server.am.ActivityManagerService.startActivityAndWait(ActivityManagerService.java:3687)
	at com.android.server.am.ActivityManagerShellCommand.runStartActivity(ActivityManagerShellCommand.java:539)
	at com.android.server.am.ActivityManagerShellCommand.onCommand(ActivityManagerShellCommand.java:186)
	at android.os.BasicShellCommandHandler.exec(BasicShellCommandHandler.java:98)
	at android.os.ShellCommand.exec(ShellCommand.java:44)
	at com.android.server.am.ActivityManagerService.onShellCommand(ActivityManagerService.java:10521)
	at android.os.Binder.shellCommand(Binder.java:929)
	at android.os.Binder.onTransact(Binder.java:813)
	at android.app.IActivityManager$Stub.onTransact(IActivityManager.java:5027)
	at com.android.server.am.ActivityManagerService.onTransact(ActivityManagerService.java:2883)
	at android.os.Binder.execTransactInternal(Binder.java:1159)
	at android.os.Binder.execTransact(Binder.java:1123)

Build info: version: &amp;apos;4.4.0&amp;apos;, revision: &amp;apos;e5c75ed026a&amp;apos;
System info: host: &amp;apos;DESKTOP-5AST0QG&amp;apos;, ip: &amp;apos;192.168.201.231&amp;apos;, os.name: &amp;apos;Windows 10&amp;apos;, os.arch: &amp;apos;amd64&amp;apos;, os.version: &amp;apos;10.0&amp;apos;, java.version: &amp;apos;17.0.2&amp;apos;
Driver info: io.appium.java_client.android.AndroidDriver
Command: [1aea9bea-89a6-432f-8a2a-17bac1c0fab2, startActivity {appPackage=com.androidsample.generalstore, appActivity=com.androidsample.generalstore.MainActivity, appWaitPackage=, appWaitActivity=, dontStopAppOnReset=false, intentAction=, intentCategory=, intentFlags=, optionalIntentArguments=}]
Capabilities {appium:app: C:\Users\Dell\eclipse2-work..., appium:appPackage: com.androidsample.generalstore, appium:automationName: UIAutomator2, appium:chromedriverExecutable: C:\Users\Dell\Desktop\chrom..., appium:databaseEnabled: false, appium:desired: {app: C:\Users\Dell\eclipse2-work..., automationName: UIAutomator2, chromedriverExecutable: C:\Users\Dell\Desktop\chrom..., deviceName: Pixel 2 XL API 30, platformName: android}, appium:deviceApiLevel: 30, appium:deviceManufacturer: unknown, appium:deviceModel: Android SDK built for x86, appium:deviceName: emulator-5554, appium:deviceScreenDensity: 560, appium:deviceScreenSize: 1440x2560, appium:deviceUDID: emulator-5554, appium:javascriptEnabled: true, appium:locationContextEnabled: false, appium:networkConnectionEnabled: true, appium:pixelRatio: 3.5, appium:platformVersion: 11, appium:statBarHeight: 84, appium:takesScreenshot: true, appium:viewportRect: {height: 2308, left: 0, top: 84, width: 1440}, appium:warnings: {}, appium:webStorageEnabled: false, platformName: ANDROID}
Session ID: 1aea9bea-89a6-432f-8a2a-17bac1c0fab2">
      <![CDATA[org.openqa.selenium.WebDriverException: An unknown server-side error occurred while processing the command. Original error: Cannot start the 'com.androidsample.generalstore' application. Visit https://github.com/appium/appium/blob/master/docs/en/writing-running-appium/android/activity-startup.md for troubleshooting. Original error: Error executing adbExec. Original error: 'Command 'C:\\Users\\Dell\\AppData\\Local\\Android\\Sdk\\platform-tools\\adb.exe -P 5037 -s emulator-5554 shell am start -W -n com.androidsample.generalstore/com.androidsample.generalstore.MainActivity -S' exited with code 255'; Command output: 
Exception occurred while executing 'start':
java.lang.SecurityException: Permission Denial: starting Intent { flg=0x10000000 cmp=com.androidsample.generalstore/.MainActivity } from null (pid=11393, uid=2000) not exported from uid 10126
at com.android.server.wm.ActivityStackSupervisor.checkStartAnyActivityPermission(ActivityStackSupervisor.java:1032)
at com.android.server.wm.ActivityStarter.executeRequest(ActivityStarter.java:999)
at com.android.server.wm.ActivityStarter.execute(ActivityStarter.java:669)
at com.android.server.wm.ActivityTaskManagerService.startActivityAndWait(ActivityTaskManagerService.java:1338)
at com.android.server.am.ActivityManagerService.startActivityAndWait(ActivityManagerService.java:3687)
at com.android.server.am.ActivityManagerShellCommand.runStartActivity(ActivityManagerShellCommand.java:539)
at com.android.server.am.ActivityManagerShellCommand.onCommand(ActivityManagerShellCommand.java:186)
at android.os.BasicShellCommandHandler.exec(BasicShellCommandHandler.java:98)
at android.os.ShellCommand.exec(ShellCommand.java:44)
at com.android.server.am.ActivityManagerService.onShellCommand(ActivityManagerService.java:10521)
at android.os.Binder.shellCommand(Binder.java:929)
at android.os.Binder.onTransact(Binder.java:813)
at android.app.IActivityManager$Stub.onTransact(IActivityManager.java:5027)
at com.android.server.am.ActivityManagerService.onTransact(ActivityManagerService.java:2883)
at android.os.Binder.execTransactInternal(Binder.java:1159)
at android.os.Binder.execTransact(Binder.java:1123)

Build info: version: '4.4.0', revision: 'e5c75ed026a'
System info: host: 'DESKTOP-5AST0QG', ip: '192.168.201.231', os.name: 'Windows 10', os.arch: 'amd64', os.version: '10.0', java.version: '17.0.2'
Driver info: io.appium.java_client.android.AndroidDriver
Command: [1aea9bea-89a6-432f-8a2a-17bac1c0fab2, startActivity {appPackage=com.androidsample.generalstore, appActivity=com.androidsample.generalstore.MainActivity, appWaitPackage=, appWaitActivity=, dontStopAppOnReset=false, intentAction=, intentCategory=, intentFlags=, optionalIntentArguments=}]
Capabilities {appium:app: C:\Users\Dell\eclipse2-work..., appium:appPackage: com.androidsample.generalstore, appium:automationName: UIAutomator2, appium:chromedriverExecutable: C:\Users\Dell\Desktop\chrom..., appium:databaseEnabled: false, appium:desired: {app: C:\Users\Dell\eclipse2-work..., automationName: UIAutomator2, chromedriverExecutable: C:\Users\Dell\Desktop\chrom..., deviceName: Pixel 2 XL API 30, platformName: android}, appium:deviceApiLevel: 30, appium:deviceManufacturer: unknown, appium:deviceModel: Android SDK built for x86, appium:deviceName: emulator-5554, appium:deviceScreenDensity: 560, appium:deviceScreenSize: 1440x2560, appium:deviceUDID: emulator-5554, appium:javascriptEnabled: true, appium:locationContextEnabled: false, appium:networkConnectionEnabled: true, appium:pixelRatio: 3.5, appium:platformVersion: 11, appium:statBarHeight: 84, appium:takesScreenshot: true, appium:viewportRect: {height: 2308, left: 0, top: 84, width: 1440}, appium:warnings: {}, appium:webStorageEnabled: false, platformName: ANDROID}
Session ID: 1aea9bea-89a6-432f-8a2a-17bac1c0fab2
at org.openqa.selenium.remote.codec.w3c.W3CHttpResponseCodec.createException(W3CHttpResponseCodec.java:200)
at org.openqa.selenium.remote.codec.w3c.W3CHttpResponseCodec.decode(W3CHttpResponseCodec.java:133)
at org.openqa.selenium.remote.codec.w3c.W3CHttpResponseCodec.decode(W3CHttpResponseCodec.java:53)
at org.openqa.selenium.remote.HttpCommandExecutor.execute(HttpCommandExecutor.java:184)
at io.appium.java_client.remote.AppiumCommandExecutor.execute(AppiumCommandExecutor.java:180)
at org.openqa.selenium.remote.RemoteWebDriver.execute(RemoteWebDriver.java:547)
at org.openqa.selenium.remote.RemoteWebDriver.execute(RemoteWebDriver.java:602)
at io.appium.java_client.AppiumDriver.execute(AppiumDriver.java:262)
at io.appium.java_client.CommandExecutionHelper.execute(CommandExecutionHelper.java:27)
at io.appium.java_client.android.StartsActivity.startActivity(StartsActivity.java:45)
at PageObject.android.FormPage.setActivity(FormPage.java:81)
at Tests.eCommerce_tc_4_Hybrid2.preSetup(eCommerce_tc_4_Hybrid2.java:33)
... Removed 33 stack frames]]>
    </failure>
  </testcase> <!-- @BeforeMethod preSetup -->
  <testcase classname="Base.BaseTest1" name="@AfterClass tearDown" time="0.0">
    <skipped/>
  </testcase> <!-- @AfterClass tearDown -->
  <testcase classname="Tests.eCommerce_tc_4_Hybrid2" name="FillForm" time="0.0">
    <skipped/>
  </testcase> <!-- FillForm -->
</testsuite> <!-- Test3 -->
