<?xml version="1.0" encoding="UTF-8"?>
<testng-results ignored="0" total="1" passed="1" failed="0" skipped="0">
  <reporter-output>
  </reporter-output>
  <suite started-at="2022-09-13T03:32:59Z" name="Default suite" finished-at="2022-09-13T03:33:20Z" duration-ms="20944">
    <groups>
    </groups>
    <test started-at="2022-09-13T03:32:59Z" name="Default test" finished-at="2022-09-13T03:33:20Z" duration-ms="20944">
      <class name="Tests.Login_test">
        <test-method is-config="true" signature="cofiguration()[pri:0, instance:Tests.Login_test@4ff8d125]" started-at="2022-09-13T03:32:59Z" name="cofiguration" finished-at="2022-09-13T03:33:06Z" duration-ms="6649" status="PASS">
          <reporter-output>
          </reporter-output>
        </test-method> <!-- cofiguration -->
        <test-method signature="AddRealmeToCart()[pri:0, instance:Tests.Login_test@4ff8d125]" started-at="2022-09-13T03:33:06Z" name="AddRealmeToCart" finished-at="2022-09-13T03:33:15Z" duration-ms="8882" status="PASS">
          <reporter-output>
          </reporter-output>
        </test-method> <!-- AddRealmeToCart -->
        <test-method is-config="true" signature="tearDown()[pri:0, instance:Tests.Login_test@4ff8d125]" started-at="2022-09-13T03:33:15Z" name="tearDown" finished-at="2022-09-13T03:33:20Z" duration-ms="5395" status="PASS">
          <reporter-output>
          </reporter-output>
        </test-method> <!-- tearDown -->
      </class> <!-- Tests.Login_test -->
    </test> <!-- Default test -->
  </suite> <!-- Default suite -->
</testng-results>
