<?xml version="1.0" encoding="UTF-8"?>
<!-- Generated by org.testng.reporters.JUnitXMLReporter -->
<testsuite ignored="0" hostname="DESKTOP-5AST0QG" failures="5" tests="5" name="done.mm.qa.testcases" time="65.539" errors="0" timestamp="2023-02-17T11:23:52 IST">
  <testcase classname="done.mm.qa.testcases.CreateNewPCTest" name="createNewPc" time="58.899">
    <failure type="org.openqa.selenium.ElementClickInterceptedException" message="element click intercepted: Element &amp;lt;button class=&amp;quot;MuiButtonBase-root MuiButton-root MuiButton-contained MuiButton-containedPrimary MuiButton-sizeMedium MuiButton-containedSizeMedium jss19 css-v876rq&amp;quot; tabindex=&amp;quot;0&amp;quot; type=&amp;quot;submit&amp;quot;&amp;gt;...&amp;lt;/button&amp;gt; is not clickable at point (1843, 906). Other element would receive the click: &amp;lt;div style=&amp;quot;display: flex; width: 100%; left: 0px; top: 0px; align-items: center; height: 100%; justify-content: center; position: fixed; z-index: 999999; background: rgba(0, 0, 0, 0.7); flex-direction: column;&amp;quot;&amp;gt;...&amp;lt;/div&amp;gt;
  (Session info: chrome=109.0.5414.122)
Build info: version: &amp;apos;4.1.0&amp;apos;, revision: &amp;apos;87802e897b&amp;apos;
System info: host: &amp;apos;DESKTOP-5AST0QG&amp;apos;, ip: &amp;apos;192.168.109.231&amp;apos;, os.name: &amp;apos;Windows 10&amp;apos;, os.arch: &amp;apos;amd64&amp;apos;, os.version: &amp;apos;10.0&amp;apos;, java.version: &amp;apos;17.0.1&amp;apos;
Driver info: org.openqa.selenium.chrome.ChromeDriver
Command: [6113bd644645635430c01edec79a970d, clickElement {id=e3c76b7f-85a6-4781-bfbf-c816a36b22b6}]
Capabilities {acceptInsecureCerts: false, browserName: chrome, browserVersion: 109.0.5414.122, chrome: {chromedriverVersion: 109.0.5414.74 (e7c5703604da..., userDataDir: C:\Users\Dell\AppData\Local...}, goog:chromeOptions: {debuggerAddress: localhost:56976}, javascriptEnabled: true, networkConnectionEnabled: false, pageLoadStrategy: normal, platform: WINDOWS, platformName: WINDOWS, proxy: Proxy(), se:cdp: ws://localhost:56976/devtoo..., se:cdpVersion: 109.0.5414.122, setWindowRect: true, strictFileInteractability: false, timeouts: {implicit: 0, pageLoad: 300000, script: 30000}, unhandledPromptBehavior: dismiss and notify, webauthn:extension:credBlob: true, webauthn:extension:largeBlob: true, webauthn:virtualAuthenticators: true}
Element: [[ChromeDriver: chrome on WINDOWS (6113bd644645635430c01edec79a970d)] -&amp;gt; xpath: //button[text()=&amp;apos;Save&amp;apos;]]
Session ID: 6113bd644645635430c01edec79a970d">
      <![CDATA[org.openqa.selenium.ElementClickInterceptedException: element click intercepted: Element <button class="MuiButtonBase-root MuiButton-root MuiButton-contained MuiButton-containedPrimary MuiButton-sizeMedium MuiButton-containedSizeMedium jss19 css-v876rq" tabindex="0" type="submit">...</button> is not clickable at point (1843, 906). Other element would receive the click: <div style="display: flex; width: 100%; left: 0px; top: 0px; align-items: center; height: 100%; justify-content: center; position: fixed; z-index: 999999; background: rgba(0, 0, 0, 0.7); flex-direction: column;">...</div>
  (Session info: chrome=109.0.5414.122)
Build info: version: '4.1.0', revision: '87802e897b'
System info: host: 'DESKTOP-5AST0QG', ip: '192.168.109.231', os.name: 'Windows 10', os.arch: 'amd64', os.version: '10.0', java.version: '17.0.1'
Driver info: org.openqa.selenium.chrome.ChromeDriver
Command: [6113bd644645635430c01edec79a970d, clickElement {id=e3c76b7f-85a6-4781-bfbf-c816a36b22b6}]
Capabilities {acceptInsecureCerts: false, browserName: chrome, browserVersion: 109.0.5414.122, chrome: {chromedriverVersion: 109.0.5414.74 (e7c5703604da..., userDataDir: C:\Users\Dell\AppData\Local...}, goog:chromeOptions: {debuggerAddress: localhost:56976}, javascriptEnabled: true, networkConnectionEnabled: false, pageLoadStrategy: normal, platform: WINDOWS, platformName: WINDOWS, proxy: Proxy(), se:cdp: ws://localhost:56976/devtoo..., se:cdpVersion: 109.0.5414.122, setWindowRect: true, strictFileInteractability: false, timeouts: {implicit: 0, pageLoad: 300000, script: 30000}, unhandledPromptBehavior: dismiss and notify, webauthn:extension:credBlob: true, webauthn:extension:largeBlob: true, webauthn:virtualAuthenticators: true}
Element: [[ChromeDriver: chrome on WINDOWS (6113bd644645635430c01edec79a970d)] -> xpath: //button[text()='Save']]
Session ID: 6113bd644645635430c01edec79a970d
at org.openqa.selenium.remote.codec.w3c.W3CHttpResponseCodec.createException(W3CHttpResponseCodec.java:200)
at org.openqa.selenium.remote.codec.w3c.W3CHttpResponseCodec.decode(W3CHttpResponseCodec.java:133)
at org.openqa.selenium.remote.codec.w3c.W3CHttpResponseCodec.decode(W3CHttpResponseCodec.java:53)
at org.openqa.selenium.remote.HttpCommandExecutor.execute(HttpCommandExecutor.java:184)
at org.openqa.selenium.remote.service.DriverCommandExecutor.invokeExecute(DriverCommandExecutor.java:164)
at org.openqa.selenium.remote.service.DriverCommandExecutor.execute(DriverCommandExecutor.java:139)
at org.openqa.selenium.remote.RemoteWebDriver.execute(RemoteWebDriver.java:559)
at org.openqa.selenium.remote.RemoteWebElement.execute(RemoteWebElement.java:251)
at org.openqa.selenium.remote.RemoteWebElement.click(RemoteWebElement.java:77)
at org.openqa.selenium.support.events.EventFiringWebDriver$EventFiringWebElement.lambda$new$0(EventFiringWebDriver.java:414)
at jdk.proxy2/jdk.proxy2.$Proxy19.click(Unknown Source)
at org.openqa.selenium.support.events.EventFiringWebDriver$EventFiringWebElement.click(EventFiringWebDriver.java:427)
at org.openqa.selenium.support.pagefactory.internal.LocatingElementHandler.invoke(LocatingElementHandler.java:52)
at jdk.proxy2/jdk.proxy2.$Proxy18.click(Unknown Source)
at done.mm.qa.base.TestBase.clickOn(TestBase.java:58)
at done.mm.qa.pages.CreateNewPCPage.CreatePC(CreateNewPCPage.java:132)
at done.mm.qa.testcases.CreateNewPCTest.createNewPc(CreateNewPCTest.java:31)
at java.base/java.util.ArrayList.forEach(ArrayList.java:1511)
... Removed 38 stack frames]]>
    </failure>
  </testcase> <!-- createNewPc -->
  <testcase classname="done.mm.qa.testcases.UpdatePCTest" name="UpdateTest" time="0.001">
    <failure type="java.lang.NullPointerException" message="Cannot invoke &amp;quot;done.mm.qa.pages.LoginPages.Login(String, String)&amp;quot; because &amp;quot;this.loginPages&amp;quot; is null">
      <![CDATA[java.lang.NullPointerException: Cannot invoke "done.mm.qa.pages.LoginPages.Login(String, String)" because "this.loginPages" is null
at done.mm.qa.testcases.UpdatePCTest.UpdateTest(UpdatePCTest.java:37)
at java.base/java.util.ArrayList.forEach(ArrayList.java:1511)
... Removed 27 stack frames]]>
    </failure>
  </testcase> <!-- UpdateTest -->
  <testcase classname="done.mm.qa.testcases.UpdatePCTest" name="UpdateTest" time="0.002">
    <failure type="java.lang.NullPointerException" message="Cannot invoke &amp;quot;done.mm.qa.pages.LoginPages.Login(String, String)&amp;quot; because &amp;quot;this.loginPages&amp;quot; is null">
      <![CDATA[java.lang.NullPointerException: Cannot invoke "done.mm.qa.pages.LoginPages.Login(String, String)" because "this.loginPages" is null
at done.mm.qa.testcases.UpdatePCTest.UpdateTest(UpdatePCTest.java:37)
at java.base/java.util.ArrayList.forEach(ArrayList.java:1511)
... Removed 27 stack frames]]>
    </failure>
  </testcase> <!-- UpdateTest -->
  <testcase classname="done.mm.qa.testcases.UpdatePCTest" name="UpdateTest" time="0.003">
    <failure type="java.lang.NullPointerException" message="Cannot invoke &amp;quot;done.mm.qa.pages.LoginPages.Login(String, String)&amp;quot; because &amp;quot;this.loginPages&amp;quot; is null">
      <![CDATA[java.lang.NullPointerException: Cannot invoke "done.mm.qa.pages.LoginPages.Login(String, String)" because "this.loginPages" is null
at done.mm.qa.testcases.UpdatePCTest.UpdateTest(UpdatePCTest.java:37)
at java.base/java.util.ArrayList.forEach(ArrayList.java:1511)
... Removed 27 stack frames]]>
    </failure>
  </testcase> <!-- UpdateTest -->
  <testcase classname="done.mm.qa.testcases.UpdatePCTest" name="UpdateTest" time="0.008">
    <failure type="java.lang.NullPointerException" message="Cannot invoke &amp;quot;done.mm.qa.pages.LoginPages.Login(String, String)&amp;quot; because &amp;quot;this.loginPages&amp;quot; is null">
      <![CDATA[java.lang.NullPointerException: Cannot invoke "done.mm.qa.pages.LoginPages.Login(String, String)" because "this.loginPages" is null
at done.mm.qa.testcases.UpdatePCTest.UpdateTest(UpdatePCTest.java:37)
at java.base/java.util.ArrayList.forEach(ArrayList.java:1511)
... Removed 27 stack frames]]>
    </failure>
  </testcase> <!-- UpdateTest -->
</testsuite> <!-- done.mm.qa.testcases -->
